<?xml version="1.0" encoding="UTF-8"?>
<testng-results ignored="0" total="1" passed="1" failed="0" skipped="0">
  <reporter-output>
  </reporter-output>
  <suite started-at="2022-02-03T14:22:52 GMT" name="com.neverending.world.test.CharactersTest" finished-at="2022-02-03T14:22:52 GMT" duration-ms="564">
    <groups>
    </groups>
    <test started-at="2022-02-03T14:22:52 GMT" name="Command line test" finished-at="2022-02-03T14:22:52 GMT" duration-ms="564">
      <class name="com.neverending.world.test.CharactersTest">
        <test-method signature="SetPositionTest()[pri:0, instance:com.neverending.world.test.CharactersTest@1e81f160]" started-at="2022-02-03T14:22:52 GMT" name="SetPositionTest" finished-at="2022-02-03T14:22:52 GMT" duration-ms="188" status="PASS">
          <reporter-output>
          </reporter-output>
        </test-method> <!-- SetPositionTest -->
      </class> <!-- com.neverending.world.test.CharactersTest -->
    </test> <!-- Command line test -->
  </suite> <!-- com.neverending.world.test.CharactersTest -->
</testng-results>
